c:\users\majok\desktop\glutapp2d\visualc14\obj\glutapp2d_debug\vc140.pdb
c:\users\majok\desktop\glutapp2d\visualc14\obj\glutapp2d_debug\vc140.idb
c:\users\majok\desktop\glutapp2d\visualc14\obj\glutapp2d_debug\ogl_tools.obj
c:\users\majok\desktop\glutapp2d\visualc14\obj\glutapp2d_debug\gs_vec.obj
c:\users\majok\desktop\glutapp2d\visualc14\obj\glutapp2d_debug\gs_mat.obj
c:\users\majok\desktop\glutapp2d\visualc14\obj\glutapp2d_debug\gs_color.obj
c:\users\majok\desktop\glutapp2d\visualc14\obj\glutapp2d_debug\gs.obj
c:\users\majok\desktop\glutapp2d\visualc14\obj\glutapp2d_debug\glut_window.obj
c:\users\majok\desktop\glutapp2d\visualc14\obj\glutapp2d_debug\app_window.obj
c:\users\majok\desktop\glutapp2d\visualc14\obj\glutapp2d_debug\app_main.obj
c:\users\majok\desktop\glutapp2d\visualc14\obj\glutapp2d_debug\glutapp2d.ilk
c:\users\majok\desktop\glutapp2d\visualc14\obj\glutapp2d_debug\glutapp2d.exe
c:\users\majok\desktop\glutapp2d\visualc14\obj\glutapp2d_debug\glutapp2d.pdb
c:\users\majok\desktop\glutapp2d\visualc14\obj\glutapp2d_debug\app_window.obj.enc
c:\users\majok\desktop\glutapp2d\visualc14\obj\glutapp2d_debug\glutapp2d.tlog\cl.command.1.tlog
c:\users\majok\desktop\glutapp2d\visualc14\obj\glutapp2d_debug\glutapp2d.tlog\cl.read.1.tlog
c:\users\majok\desktop\glutapp2d\visualc14\obj\glutapp2d_debug\glutapp2d.tlog\cl.write.1.tlog
c:\users\majok\desktop\glutapp2d\visualc14\obj\glutapp2d_debug\glutapp2d.tlog\link.command.1.tlog
c:\users\majok\desktop\glutapp2d\visualc14\obj\glutapp2d_debug\glutapp2d.tlog\link.read.1.tlog
c:\users\majok\desktop\glutapp2d\visualc14\obj\glutapp2d_debug\glutapp2d.tlog\link.write.1.tlog
